\BOOKMARK [1][-]{section.1}{Opis projektu}{}% 1
\BOOKMARK [2][-]{subsection.1.1}{Temat projektu}{section.1}% 2
\BOOKMARK [2][-]{subsection.1.2}{Opis problemu}{section.1}% 3
\BOOKMARK [2][-]{subsection.1.3}{Cel projektu}{section.1}% 4
\BOOKMARK [1][-]{section.2}{Etap 1 - Przygotowanie srodowiska i danych}{}% 5
\BOOKMARK [2][-]{subsection.2.1}{Opis}{section.2}% 6
\BOOKMARK [2][-]{subsection.2.2}{Pobieranie Danych}{section.2}% 7
\BOOKMARK [2][-]{subsection.2.3}{Budowa architektury}{section.2}% 8
\BOOKMARK [2][-]{subsection.2.4}{Przygotowanie do implementacji algorytm\363w}{section.2}% 9
\BOOKMARK [1][-]{section.3}{Etap 2 - Budowa algorytm\363w}{}% 10
\BOOKMARK [2][-]{subsection.3.1}{Opis}{section.3}% 11
\BOOKMARK [2][-]{subsection.3.2}{Zadania}{section.3}% 12
\BOOKMARK [2][-]{subsection.3.3}{Kamienie milowe}{section.3}% 13
\BOOKMARK [2][-]{subsection.3.4}{Parametry}{section.3}% 14
\BOOKMARK [2][-]{subsection.3.5}{Ryzyka}{section.3}% 15
\BOOKMARK [1][-]{section.4}{Etap 3 - Budowa strony internetowej i wizualizacja}{}% 16
\BOOKMARK [2][-]{subsection.4.1}{Opis}{section.4}% 17
\BOOKMARK [2][-]{subsection.4.2}{Zadania}{section.4}% 18
\BOOKMARK [2][-]{subsection.4.3}{Kamienie milowe}{section.4}% 19
\BOOKMARK [2][-]{subsection.4.4}{Parametry}{section.4}% 20
\BOOKMARK [2][-]{subsection.4.5}{Ryzyka}{section.4}% 21
